Arguments: 
  C:\Program Files\nodejs\node.exe C:\Program Files (x86)\Yarn\bin\yarn.js add express

PATH: 
  C:\Users\AbdulRahman\bin;C:\Program Files\Git\mingw64\bin;C:\Program Files\Git\usr\local\bin;C:\Program Files\Git\usr\bin;C:\Program Files\Git\usr\bin;C:\Program Files\Git\mingw64\bin;C:\Program Files\Git\usr\bin;C:\Users\AbdulRahman\bin;C:\Program Files (x86)\Common Files\Oracle\Java\javapath;C:\WINDOWS\system32;C:\WINDOWS;C:\WINDOWS\System32\Wbem;C:\WINDOWS\System32\WindowsPowerShell\v1.0;C:\Program Files\nodejs;C:\Program Files\Java\jdk-13.0.1;C:\WINDOWS\System32\OpenSSH;C:\Program Files\PostgreSQL\12\bin;C:\Program Files (x86)\Yarn\bin;C:\Program Files\Sublime Text 3;C:\PHP7.4.8;C:\composer;C:\Program Files\Git\cmd;C:\Program Files\MySQL\MySQL Server 5.7\bin;C:\Users\AbdulRahman\AppData\Local\Microsoft\WindowsApps;C:\Users\AbdulRahman\AppData\Local\Programs\Microsoft VS Code\bin;C:\Users\AbdulRahman\AppData\Roaming\npm;C:\Program Files\Java\jdk-13.0.1\bin;C:\Program Files\PostgreSQL\12\bin;C:\Program Files\heroku\bin;C:\Users\AbdulRahman\AppData\Local\Yarn\bin;C:\Users\AbdulRahman\AppData\Roaming\Composer\vendor\bin;C:\Program Files\Git\usr\bin\vendor_perl;C:\Program Files\Git\usr\bin\core_perl

Yarn version: 
  1.22.4

Node version: 
  12.13.0

Platform: 
  win32 x64

Trace: 
  Error: getaddrinfo ENOTFOUND registry.yarnpkg.com
      at GetAddrInfoReqWrap.onlookup [as oncomplete] (dns.js:60:26)

npm manifest: 
  {
    "name": "question4",
    "version": "1.0.0",
    "description": "",
    "main": "app.js",
    "scripts": {
      "test": "echo \"Error: no test specified\" && exit 1"
    },
    "author": "",
    "license": "ISC"
  }

yarn manifest: 
  No manifest

Lockfile: 
  No lockfile
